<?xml version="1.0" encoding="UTF-8"?>
<!-- Generated by org.testng.reporters.JUnitReportReporter -->
<testsuite hostname="ASLAM" failures="0" tests="1" name="testCases.TC001_AccountRegistrationTest" time="2.427" errors="0" timestamp="2024-09-22T07:54:43 IST" skipped="0">
  <testcase classname="testCases.TC001_AccountRegistrationTest" name="verify_account_registration" time="2.427"/>
</testsuite> <!-- testCases.TC001_AccountRegistrationTest -->
